<?xml version="1.0" encoding="UTF-8"?>
<testng-results skipped="0" failed="0" ignored="0" total="1" passed="1">
  <reporter-output>
  </reporter-output>
  <suite name="Default suite" duration-ms="3352" started-at="2019-12-02T16:17:39Z" finished-at="2019-12-02T16:17:42Z">
    <groups>
    </groups>
    <test name="Default test" duration-ms="3352" started-at="2019-12-02T16:17:39Z" finished-at="2019-12-02T16:17:42Z">
      <class name="ndmsworkflow.NDMSWorkFlows">
        <test-method status="PASS" signature="setUpConfiguration()[pri:0, instance:ndmsworkflow.NDMSWorkFlows@39c0f4a]" name="setUpConfiguration" is-config="true" duration-ms="62" started-at="2019-12-02T08:17:39Z" finished-at="2019-12-02T08:17:39Z">
          <reporter-output>
          </reporter-output>
        </test-method> <!-- setUpConfiguration -->
        <test-method status="PASS" signature="launchIdeal()[pri:0, instance:ndmsworkflow.NDMSWorkFlows@39c0f4a]" name="launchIdeal" duration-ms="3168" started-at="2019-12-02T08:17:39Z" finished-at="2019-12-02T08:17:42Z">
          <reporter-output>
          </reporter-output>
        </test-method> <!-- launchIdeal -->
        <test-method status="PASS" signature="afterMethod()[pri:0, instance:ndmsworkflow.NDMSWorkFlows@39c0f4a]" name="afterMethod" is-config="true" duration-ms="1" started-at="2019-12-02T08:17:42Z" finished-at="2019-12-02T08:17:42Z">
          <reporter-output>
          </reporter-output>
        </test-method> <!-- afterMethod -->
        <test-method status="PASS" signature="afterTest()[pri:0, instance:ndmsworkflow.NDMSWorkFlows@39c0f4a]" name="afterTest" is-config="true" duration-ms="76" started-at="2019-12-02T08:17:42Z" finished-at="2019-12-02T08:17:42Z">
          <reporter-output>
          </reporter-output>
        </test-method> <!-- afterTest -->
      </class> <!-- ndmsworkflow.NDMSWorkFlows -->
    </test> <!-- Default test -->
  </suite> <!-- Default suite -->
</testng-results>
