<?xml version="1.0" encoding="UTF-8"?>
<!-- Generated by org.testng.reporters.JUnitXMLReporter -->
<testsuite hostname="ICT-81" ignored="19" name="NDMS Workflows" tests="1" failures="0" timestamp="08 Jul 2019 12:30:58 GMT" time="300.682" errors="0">
  <testcase name="enquiryFliterNavigationInNDMSApp" time="300.599" classname="ndmsworkflow.NDMSWorkFlows"/>
  <testcase name="forgotPasswordInNDMSApp" time="0.0" classname="ndmsworkflow.NDMSWorkFlows">
    <ignored/>
  </testcase> <!-- forgotPasswordInNDMSApp -->
  <testcase name="dashboardNavigationInNDMSApp" time="0.0" classname="ndmsworkflow.NDMSWorkFlows">
    <ignored/>
  </testcase> <!-- dashboardNavigationInNDMSApp -->
  <testcase name="stockAndReportsInNDMSApp" time="0.0" classname="ndmsworkflow.NDMSWorkFlows">
    <ignored/>
  </testcase> <!-- stockAndReportsInNDMSApp -->
  <testcase name="driveNavigationInNDMSApp" time="0.0" classname="ndmsworkflow.NDMSWorkFlows">
    <ignored/>
  </testcase> <!-- driveNavigationInNDMSApp -->
  <testcase name="helpNavigationNDMS" time="0.0" classname="ndmsworkflow.NDMSWorkFlows">
    <ignored/>
  </testcase> <!-- helpNavigationNDMS -->
  <testcase name="priceInNDMSApp" time="0.0" classname="ndmsworkflow.NDMSWorkFlows">
    <ignored/>
  </testcase> <!-- priceInNDMSApp -->
  <testcase name="emiCalculatorInNDMSApp" time="0.0" classname="ndmsworkflow.NDMSWorkFlows">
    <ignored/>
  </testcase> <!-- emiCalculatorInNDMSApp -->
  <testcase name="enquiryDetailsNavigationInNDMSApp" time="0.0" classname="ndmsworkflow.NDMSWorkFlows">
    <ignored/>
  </testcase> <!-- enquiryDetailsNavigationInNDMSApp -->
  <testcase name="hambrugerMenuNavigationInNDMSApp" time="0.0" classname="ndmsworkflow.NDMSWorkFlows">
    <ignored/>
  </testcase> <!-- hambrugerMenuNavigationInNDMSApp -->
  <testcase name="homeVisitSectionInNDMSApp" time="0.0" classname="ndmsworkflow.NDMSWorkFlows">
    <ignored/>
  </testcase> <!-- homeVisitSectionInNDMSApp -->
  <testcase name="loginLogoutInNDMSApp" time="0.0" classname="ndmsworkflow.NDMSWorkFlows">
    <ignored/>
  </testcase> <!-- loginLogoutInNDMSApp -->
  <testcase name="enquiryCreateNavigationInNDMSApp" time="0.0" classname="ndmsworkflow.NDMSWorkFlows">
    <ignored/>
  </testcase> <!-- enquiryCreateNavigationInNDMSApp -->
  <testcase name="showroomVisitSectionInNDMSApp" time="0.0" classname="ndmsworkflow.NDMSWorkFlows">
    <ignored/>
  </testcase> <!-- showroomVisitSectionInNDMSApp -->
  <testcase name="enquirySearchNavigationInNDMSApp" time="0.0" classname="ndmsworkflow.NDMSWorkFlows">
    <ignored/>
  </testcase> <!-- enquirySearchNavigationInNDMSApp -->
  <testcase name="myProfileNavigationInNDMS" time="0.0" classname="ndmsworkflow.NDMSWorkFlows">
    <ignored/>
  </testcase> <!-- myProfileNavigationInNDMS -->
  <testcase name="testDriveInNDMSApp" time="0.0" classname="ndmsworkflow.NDMSWorkFlows">
    <ignored/>
  </testcase> <!-- testDriveInNDMSApp -->
  <testcase name="aboutNavigationNDMS" time="0.0" classname="ndmsworkflow.NDMSWorkFlows">
    <ignored/>
  </testcase> <!-- aboutNavigationNDMS -->
  <testcase name="addFollowupInNDMSApp" time="0.0" classname="ndmsworkflow.NDMSWorkFlows">
    <ignored/>
  </testcase> <!-- addFollowupInNDMSApp -->
  <testcase name="myCalendarInNDMSApp" time="0.0" classname="ndmsworkflow.NDMSWorkFlows">
    <ignored/>
  </testcase> <!-- myCalendarInNDMSApp -->
</testsuite> <!-- NDMS Workflows -->
